<?xml version="1.0" encoding="UTF-8"?>
<!-- Generated by org.testng.reporters.JUnitReportReporter -->
<testsuite hostname="MM0050756" failures="0" tests="2" name="Academy.Homepage" time="12.474" errors="0" timestamp="2021-06-10T22:43:30 CEST" skipped="0">
  <testcase classname="Academy.Homepage" name="basePageNavigation" time="7.476"/>
  <system-out/>
  <testcase classname="Academy.Homepage" name="basePageNavigation" time="4.998"/>
  <system-out/>
</testsuite> <!-- Academy.Homepage -->
