<?xml version="1.0" encoding="UTF-8"?>
<!-- Generated by org.testng.reporters.JUnitReportReporter -->
<testsuite hostname="MM0050756" failures="0" tests="1" name="Academy.validateTitle" time="0.029" errors="0" timestamp="2021-06-10T22:43:30 CEST" skipped="0">
  <testcase classname="Academy.validateTitle" name="textCheck" time="0.029"/>
  <system-out/>
</testsuite> <!-- Academy.validateTitle -->
