<?xml version="1.0" encoding="UTF-8"?>
<!-- Generated by org.testng.reporters.JUnitReportReporter -->
<testsuite hostname="MM0050756" failures="0" tests="3" name="test2.day4" time="0.002" errors="0" timestamp="2021-05-25T18:23:37 CEST" skipped="0">
  <testcase classname="test2.day4" name="MobileLogincarLoan" time="0.001"/>
  <system-out/>
  <testcase classname="test2.day4" name="WeblogincarLoan" time="0.000"/>
  <system-out/>
  <testcase classname="test2.day4" name="LoginAPIcarLoan" time="0.001"/>
  <system-out/>
</testsuite> <!-- test2.day4 -->
