<?xml version="1.0" encoding="UTF-8"?>
<!-- Generated by org.testng.reporters.JUnitReportReporter -->
<testsuite hostname="MM0050756" failures="0" tests="2" name="Academy.test1234" time="0.006" errors="0" timestamp="27 May 2021 15:24:10 GMT">
  <testcase classname="Academy.test1234" name="method1" time="0.001"/>
  <testcase classname="Academy.test1234" name="method1" time="0.005"/>
</testsuite> <!-- Academy.test1234 -->
