<?xml version="1.0" encoding="UTF-8"?>
<!-- Generated by org.testng.reporters.JUnitReportReporter -->
<testsuite hostname="MM0050756" failures="0" tests="1" name="Academy.checkNavigationBar" time="0.062" errors="0" timestamp="2021-05-28T16:45:24 CEST" skipped="0">
  <testcase classname="Academy.checkNavigationBar" name="navigationCheck" time="0.062"/>
  <system-out/>
</testsuite> <!-- Academy.checkNavigationBar -->
