<?xml version="1.0" encoding="UTF-8"?>
<!-- Generated by org.testng.reporters.JUnitReportReporter -->
<testsuite hostname="MM0050756" failures="0" tests="1" name="Academy.validateTitle" time="0.030" errors="0" timestamp="2021-05-28T16:45:24 CEST" skipped="0">
  <testcase classname="Academy.validateTitle" name="textCheck" time="0.030"/>
  <system-out/>
</testsuite> <!-- Academy.validateTitle -->
