<?xml version="1.0" encoding="UTF-8"?>
<!-- Generated by org.testng.reporters.JUnitReportReporter -->
<testsuite hostname="MM0050756" failures="0" tests="2" name="Academy.Homepage" time="12.034" errors="0" timestamp="2021-05-28T17:17:45 CEST" skipped="0">
  <testcase classname="Academy.Homepage" name="basePageNavigation" time="5.320"/>
  <system-out/>
  <testcase classname="Academy.Homepage" name="basePageNavigation" time="6.714"/>
  <system-out/>
</testsuite> <!-- Academy.Homepage -->
