<?xml version="1.0" encoding="UTF-8"?>
<!-- Generated by org.testng.reporters.JUnitReportReporter -->
<testsuite hostname="MM0050756" failures="0" tests="2" name="TestPackage.day1" time="0.005" errors="0" timestamp="2021-12-29T17:33:57 CET" skipped="0">
  <testcase classname="TestPackage.day1" name="Demo" time="0.004"/>
  <system-out/>
  <testcase classname="TestPackage.day1" name="SecondTest" time="0.001"/>
  <system-out/>
</testsuite> <!-- TestPackage.day1 -->
