<?xml version="1.0" encoding="UTF-8"?>
<!-- Generated by org.testng.reporters.JUnitReportReporter -->
<testsuite hostname="MM0050756" failures="0" tests="1" name="TestPackage.day2" time="0.000" errors="0" timestamp="2021-12-29T17:33:57 CET" skipped="0">
  <testcase classname="TestPackage.day2" name="Demo3" time="0.000"/>
  <system-out/>
</testsuite> <!-- TestPackage.day2 -->
