<?xml version="1.0" encoding="UTF-8"?>
<!-- Generated by org.testng.reporters.JUnitReportReporter -->
<testsuite hostname="MM0050756" failures="0" tests="4" name="TestPackage.day3" time="0.010" errors="0" timestamp="2021-12-29T17:33:57 CET" skipped="0">
  <testcase classname="TestPackage.day3" name="WebLogin" time="0.001"/>
  <system-out/>
  <testcase classname="TestPackage.day3" name="WebLogin" time="0.001"/>
  <system-out/>
  <testcase classname="TestPackage.day3" name="WebLogin" time="0.002"/>
  <system-out/>
  <testcase classname="TestPackage.day3" name="APITestLoan" time="0.006"/>
  <system-out/>
</testsuite> <!-- TestPackage.day3 -->
